<?xml version="1.0" encoding="UTF-8"?>
<!-- Generated by org.testng.reporters.JUnitReportReporter -->
<testsuite hostname="GIPL-NTB078" failures="0" tests="1" name="com.hrmproject.testCases.TC_SidebarTest_001" time="5.637" errors="0" timestamp="2024-03-22T16:52:17 IST" skipped="0">
  <testcase classname="com.hrmproject.testCases.TC_SidebarTest_001" name="search" time="5.637"/>
  <system-out/>
</testsuite> <!-- com.hrmproject.testCases.TC_SidebarTest_001 -->
