<?xml version="1.0" encoding="UTF-8"?>
<!-- Generated by org.testng.reporters.JUnitReportReporter -->
<testsuite hostname="GIPL-NTB078" failures="0" tests="2" name="com.hrmproject.testCases.TC_LoginTest_001" time="7.267" errors="0" timestamp="2024-03-22T12:01:43 IST" skipped="0">
  <testcase classname="com.hrmproject.testCases.TC_LoginTest_001" name="logoutTest" time="2.952"/>
  <system-out/>
  <testcase classname="com.hrmproject.testCases.TC_LoginTest_001" name="loginTest" time="4.315"/>
  <system-out/>
</testsuite> <!-- com.hrmproject.testCases.TC_LoginTest_001 -->
