<?xml version="1.0" encoding="UTF-8"?>
<!-- Generated by org.testng.reporters.JUnitReportReporter -->
<testsuite hostname="GIPL-NTB078" failures="0" tests="2" name="com.hrmproject.testCases.TC_AddEmpTest_001" time="37.510" errors="0" timestamp="2024-03-29T14:34:56 IST" skipped="0">
  <testcase classname="com.hrmproject.testCases.TC_AddEmpTest_001" name="EmpAddTest" time="20.968"/>
  <system-out/>
  <testcase classname="com.hrmproject.testCases.TC_AddEmpTest_001" name="addedEmployeeDetUpdate" time="16.542"/>
  <system-out/>
</testsuite> <!-- com.hrmproject.testCases.TC_AddEmpTest_001 -->
